<?xml version="1.0" encoding="UTF-8"?>
<testsuite xmlns:xsi="http://www.w3.org/2001/XMLSchema-instance" xsi:noNamespaceSchemaLocation="https://maven.apache.org/surefire/maven-surefire-plugin/xsd/surefire-test-report.xsd" version="3.0.2" name="com.bank.api.integration.AccountIntegrationTest" time="3.593" tests="4" errors="0" skipped="0" failures="0">
  <properties>
[...]
</properties>
  <testcase name="testCreateAccount_Success" classname="com.bank.api.integration.AccountIntegrationTest" time="0.134">
    <system-out><![CDATA[11:02:43.699 [main] INFO org.springframework.test.context.support.AnnotationConfigContextLoaderUtils -- Could not detect default configuration classes for test class [com.bank.api.integration.AccountIntegrationTest]: AccountIntegrationTest does not declare any static, non-private, non-final, nested classes annotated with @Configuration.
11:02:43.736 [main] INFO org.springframework.boot.test.context.SpringBootTestContextBootstrapper -- Found @SpringBootConfiguration com.bank.api.BankApiApplication for test class com.bank.api.integration.AccountIntegrationTest
11:02:43.785 [main] INFO org.testcontainers.images.PullPolicy -- Image pull policy will be performed by: DefaultPullPolicy()
11:02:43.786 [main] INFO org.testcontainers.utility.ImageNameSubstitutor -- Image name substitution will be performed by: DefaultImageNameSubstitutor (composite of 'ConfigurationFileImageNameSubstitutor' and 'PrefixingImageNameSubstitutor')
11:02:43.788 [main] INFO org.testcontainers.DockerClientFactory -- Testcontainers version: 1.20.4
11:02:43.874 [main] INFO org.testcontainers.dockerclient.DockerClientProviderStrategy -- Loaded org.testcontainers.dockerclient.UnixSocketClientProviderStrategy from ~/.testcontainers.properties, will try it first
11:02:43.974 [main] INFO org.testcontainers.dockerclient.DockerClientProviderStrategy -- Found Docker environment with local Unix socket (unix:///var/run/docker.sock)
11:02:43.975 [main] INFO org.testcontainers.DockerClientFactory -- Docker host IP address is localhost
11:02:43.987 [main] INFO org.testcontainers.DockerClientFactory -- Connected to docker: 
  Server Version: 27.5.1
  API Version: 1.47
  Operating System: Docker Desktop
  Total Memory: 7836 MB
  Labels: 
    com.docker.desktop.address=unix:///Users/semereghebrechristos/Library/Containers/com.docker.docker/Data/docker-cli.sock
11:02:44.036 [main] INFO tc.testcontainers/ryuk:0.11.0 -- Creating container for image: testcontainers/ryuk:0.11.0
11:02:44.169 [main] INFO tc.testcontainers/ryuk:0.11.0 -- Container testcontainers/ryuk:0.11.0 is starting: 23945b03ad5991bf4eb866430818f04fa65e088ebe7bb4862c79266bfaef5afb
11:02:44.306 [main] INFO tc.testcontainers/ryuk:0.11.0 -- Container testcontainers/ryuk:0.11.0 started in PT0.270439S
11:02:44.309 [main] INFO org.testcontainers.utility.RyukResourceReaper -- Ryuk started - will monitor and terminate Testcontainers containers on JVM exit
11:02:44.309 [main] INFO org.testcontainers.DockerClientFactory -- Checking the system...
11:02:44.309 [main] INFO org.testcontainers.DockerClientFactory -- ✔︎ Docker server version should be at least 1.6.0
11:02:44.310 [main] INFO tc.postgres:15 -- Creating container for image: postgres:15
11:02:44.337 [main] INFO tc.postgres:15 -- Container postgres:15 is starting: 2f835b686ce7639a42b5012860902eb695cbb237f48bbbe82007800496f3f2b4
11:02:44.975 [main] INFO tc.postgres:15 -- Container postgres:15 started in PT0.665667S
11:02:44.976 [main] INFO tc.postgres:15 -- Container is started (JDBC URL: jdbc:postgresql://localhost:62274/testdb?loggerLevel=OFF)

  .   ____          _            __ _ _
 /\\ / ___'_ __ _ _(_)_ __  __ _ \ \ \ \
( ( )\___ | '_ | '_| | '_ \/ _` | \ \ \ \
 \\/  ___)| |_)| | | | | || (_| |  ) ) ) )
  '  |____| .__|_| |_|_| |_\__, | / / / /
 =========|_|==============|___/=/_/_/_/

 :: Spring Boot ::                (v3.4.2)

2025-02-10T11:02:45.119-07:00  INFO 37901 --- [           main] c.b.a.i.AccountIntegrationTest           : Starting AccountIntegrationTest using Java 17.0.13 with PID 37901 (started by semereghebrechristos in /Users/semereghebrechristos/Documents/banking-api)
2025-02-10T11:02:45.122-07:00  INFO 37901 --- [           main] c.b.a.i.AccountIntegrationTest           : No active profile set, falling back to 1 default profile: "default"
2025-02-10T11:02:45.420-07:00  INFO 37901 --- [           main] .s.d.r.c.RepositoryConfigurationDelegate : Bootstrapping Spring Data JPA repositories in DEFAULT mode.
2025-02-10T11:02:45.436-07:00  INFO 37901 --- [           main] .s.d.r.c.RepositoryConfigurationDelegate : Finished Spring Data repository scanning in 13 ms. Found 3 JPA repository interfaces.
2025-02-10T11:02:45.678-07:00  INFO 37901 --- [           main] o.s.b.w.embedded.tomcat.TomcatWebServer  : Tomcat initialized with port 0 (http)
2025-02-10T11:02:45.682-07:00  INFO 37901 --- [           main] o.apache.catalina.core.StandardService   : Starting service [Tomcat]
2025-02-10T11:02:45.682-07:00  INFO 37901 --- [           main] o.apache.catalina.core.StandardEngine    : Starting Servlet engine: [Apache Tomcat/10.1.34]
2025-02-10T11:02:45.701-07:00  INFO 37901 --- [           main] o.a.c.c.C.[Tomcat].[localhost].[/]       : Initializing Spring embedded WebApplicationContext
2025-02-10T11:02:45.701-07:00  INFO 37901 --- [           main] w.s.c.ServletWebServerApplicationContext : Root WebApplicationContext: initialization completed in 575 ms
2025-02-10T11:02:45.806-07:00  INFO 37901 --- [           main] o.hibernate.jpa.internal.util.LogHelper  : HHH000204: Processing PersistenceUnitInfo [name: default]
2025-02-10T11:02:45.825-07:00  INFO 37901 --- [           main] org.hibernate.Version                    : HHH000412: Hibernate ORM core version 6.6.5.Final
2025-02-10T11:02:45.836-07:00  INFO 37901 --- [           main] o.h.c.internal.RegionFactoryInitiator    : HHH000026: Second-level cache disabled
2025-02-10T11:02:45.873-07:00  INFO 37901 --- [           main] o.s.o.j.p.SpringPersistenceUnitInfo      : No LoadTimeWeaver setup: ignoring JPA class transformer
2025-02-10T11:02:45.882-07:00  INFO 37901 --- [           main] com.zaxxer.hikari.HikariDataSource       : HikariPool-1 - Starting...
2025-02-10T11:02:45.955-07:00  INFO 37901 --- [           main] com.zaxxer.hikari.pool.HikariPool        : HikariPool-1 - Added connection org.postgresql.jdbc.PgConnection@47bcd95a
2025-02-10T11:02:45.955-07:00  INFO 37901 --- [           main] com.zaxxer.hikari.HikariDataSource       : HikariPool-1 - Start completed.
2025-02-10T11:02:45.968-07:00  WARN 37901 --- [           main] org.hibernate.orm.deprecation            : HHH90000025: PostgreSQLDialect does not need to be specified explicitly using 'hibernate.dialect' (remove the property setting and it will be selected by default)
2025-02-10T11:02:45.976-07:00  INFO 37901 --- [           main] org.hibernate.orm.connections.pooling    : HHH10001005: Database info:
	Database JDBC URL [Connecting through datasource 'HikariDataSource (HikariPool-1)']
	Database driver: undefined/unknown
	Database version: 15.10
	Autocommit mode: undefined/unknown
	Isolation level: undefined/unknown
	Minimum pool size: undefined/unknown
	Maximum pool size: undefined/unknown
2025-02-10T11:02:46.238-07:00  INFO 37901 --- [           main] o.h.e.t.j.p.i.JtaPlatformInitiator       : HHH000489: No JTA platform available (set 'hibernate.transaction.jta.platform' to enable JTA platform integration)
2025-02-10T11:02:46.269-07:00  WARN 37901 --- [           main] o.h.engine.jdbc.spi.SqlExceptionHelper   : SQL Warning Code: 0, SQLState: 00000
2025-02-10T11:02:46.269-07:00  WARN 37901 --- [           main] o.h.engine.jdbc.spi.SqlExceptionHelper   : constraint "ukmb8kv2x9143o96jgxbv6mahcq" of relation "bank_account" does not exist, skipping
2025-02-10T11:02:46.271-07:00  WARN 37901 --- [           main] o.h.engine.jdbc.spi.SqlExceptionHelper   : SQL Warning Code: 0, SQLState: 00000
2025-02-10T11:02:46.271-07:00  WARN 37901 --- [           main] o.h.engine.jdbc.spi.SqlExceptionHelper   : constraint "ukcrkjmjk1oj8gb6j6t5kt7gcxm" of relation "customer" does not exist, skipping
2025-02-10T11:02:46.273-07:00  INFO 37901 --- [           main] j.LocalContainerEntityManagerFactoryBean : Initialized JPA EntityManagerFactory for persistence unit 'default'
2025-02-10T11:02:46.483-07:00  WARN 37901 --- [           main] JpaBaseConfiguration$JpaWebConfiguration : spring.jpa.open-in-view is enabled by default. Therefore, database queries may be performed during view rendering. Explicitly configure spring.jpa.open-in-view to disable this warning
2025-02-10T11:02:46.755-07:00  INFO 37901 --- [           main] o.a.c.c.C.[Tomcat].[localhost].[/]       : Initializing Spring TestDispatcherServlet ''
2025-02-10T11:02:46.755-07:00  INFO 37901 --- [           main] o.s.t.web.servlet.TestDispatcherServlet  : Initializing Servlet ''
2025-02-10T11:02:46.758-07:00  INFO 37901 --- [           main] o.s.b.a.e.web.EndpointLinksResolver      : Exposing 1 endpoint beneath base path '/actuator'
2025-02-10T11:02:46.764-07:00  INFO 37901 --- [           main] o.s.t.web.servlet.TestDispatcherServlet  : Completed initialization in 9 ms
2025-02-10T11:02:46.849-07:00  INFO 37901 --- [           main] o.s.b.w.embedded.tomcat.TomcatWebServer  : Tomcat started on port 62285 (http) with context path '/'
2025-02-10T11:02:46.861-07:00  INFO 37901 --- [           main] c.b.a.i.AccountIntegrationTest           : Started AccountIntegrationTest in 1.861 seconds (process running for 3.935)
2025-02-10T11:02:46.949-07:00  INFO 37901 --- [           main] c.b.a.s.bank.BankAccountServiceImpl      : Processing deposit for customer: John Doe with amount: 500, specified account: null
2025-02-10T11:02:46.957-07:00  INFO 37901 --- [           main] c.b.a.s.bank.BankAccountServiceImpl      : Customer 'John Doe' not found. Creating new customer.
2025-02-10T11:02:46.976-07:00  INFO 37901 --- [           main] c.b.a.s.bank.BankAccountServiceImpl      : Creating a new account 'ACC-A835080C' for customer: John Doe
]]></system-out>
  </testcase>
  <testcase name="testGetAccountBalance_AccountNotFound" classname="com.bank.api.integration.AccountIntegrationTest" time="0.023">
    <system-out><![CDATA[2025-02-10T11:02:47.030-07:00  INFO 37901 --- [           main] c.b.a.s.bank.BankAccountServiceImpl      : Fetching balance for account: ACC-1234
2025-02-10T11:02:47.032-07:00 ERROR 37901 --- [           main] c.b.a.s.bank.BankAccountServiceImpl      : Account number ACC-1234 not found
2025-02-10T11:02:47.032-07:00 ERROR 37901 --- [           main] c.bank.api.controller.AccountController  : Error fetching balance for ACC-1234: Bank account not found
]]></system-out>
  </testcase>
  <testcase name="testGetAccountBalance_Success" classname="com.bank.api.integration.AccountIntegrationTest" time="0.016">
    <system-out><![CDATA[2025-02-10T11:02:47.045-07:00  INFO 37901 --- [           main] c.b.a.s.bank.BankAccountServiceImpl      : Fetching balance for account: ACC-123
]]></system-out>
  </testcase>
  <testcase name="testCreateAccount_Fails_MinimumDeposit" classname="com.bank.api.integration.AccountIntegrationTest" time="0.016">
    <system-out><![CDATA[2025-02-10T11:02:47.063-07:00  INFO 37901 --- [           main] c.b.a.s.bank.BankAccountServiceImpl      : Processing deposit for customer: John Doe with amount: 20, specified account: null
2025-02-10T11:02:47.063-07:00 ERROR 37901 --- [           main] c.b.a.s.bank.BankAccountServiceImpl      : Initial deposit 20 is below the minimum required ($50)
]]></system-out>
  </testcase>
</testsuite>